<?xml version="1.0" encoding="UTF-8"?>
<!-- Generated by org.testng.reporters.JUnitReportReporter -->
<testsuite hostname="DEVSTATION133" failures="0" tests="2" name="qaclickacademy.SeleniumTest" time="0.001" errors="0" timestamp="16 Dec 2019 17:25:24 GMT">
  <testcase classname="qaclickacademy.SeleniumTest" name="BrowserAutomation" time="0.001"/>
  <testcase classname="qaclickacademy.SeleniumTest" name="ValidationforDateRange" time="0.000"/>
</testsuite> <!-- qaclickacademy.SeleniumTest -->
