<?xml version="1.0" encoding="UTF-8"?>
<!-- Generated by org.testng.reporters.JUnitReportReporter -->
<testsuite hostname="DEVSTATION133" failures="0" tests="2" name="qaclickacademy.AppiumTest" time="0.021" errors="0" timestamp="16 Dec 2019 17:25:24 GMT">
  <testcase classname="qaclickacademy.AppiumTest" name="MobileLogin" time="0.001"/>
  <testcase classname="qaclickacademy.AppiumTest" name="ValidationMobilePhone" time="0.020"/>
</testsuite> <!-- qaclickacademy.AppiumTest -->
