<?xml version="1.0" encoding="UTF-8"?>
<!-- Generated by org.testng.reporters.JUnitReportReporter -->
<testsuite hostname="DEVSTATION133" failures="0" tests="2" name="qaclickacademy.RESTAPITest" time="0.003" errors="0" timestamp="16 Dec 2019 17:25:24 GMT">
  <testcase classname="qaclickacademy.RESTAPITest" name="URLLogin" time="0.001"/>
  <testcase classname="qaclickacademy.RESTAPITest" name="ValidationMobileURL" time="0.002"/>
</testsuite> <!-- qaclickacademy.RESTAPITest -->
